commit e507b067929a862b65bb6bc498ef3b9454b6090e
Author: Josh Kelle <jkelle@cs.utexas.edu>
Date:   Thu Feb 13 20:05:17 2014 -0600

    removed dependency on Downing's probe.txt

commit 8c0e5d5d6767a14ea3520fe46c2fd82a175d7fa7
Author: ipratikpatel <ipratikpatel@gmail.com>
Date:   Thu Feb 13 19:00:10 2014 -0600

    Adding TestNetflix.out file

commit 41f9569d6206cf314ef1bf9430b9001fb881cbe2
Author: Josh Kelle <jkelle@cs.utexas.edu>
Date:   Thu Feb 13 18:43:11 2014 -0600

    Removed unnecessary code.

commit 60899829ed9e845501c83e041d2db086c97fa373
Author: Josh Kelle <jkelle@cs.utexas.edu>
Date:   Thu Feb 13 18:31:02 2014 -0600

    html and log

commit 4854789021048505b839959866c9227807b64256
Merge: fc40f7e 014cd01
Author: Josh Kelle <jkelle@cs.utexas.edu>
Date:   Thu Feb 13 18:28:16 2014 -0600

    fixed merge conflict

commit fc40f7eed1ff6cd5d75447490746ef2e58b2a10c
Author: Josh Kelle <jkelle@cs.utexas.edu>
Date:   Thu Feb 13 18:25:10 2014 -0600

    Added documentation.

commit 014cd01a4ad6efde990b352cc79955d2776c1f8e
Author: ipratikpatel <ipratikpatel@gmail.com>
Date:   Thu Feb 13 18:22:35 2014 -0600

    added unit tests

commit 07d9f4a05a93ecdca8943881dd17896a14b6b3a0
Author: Josh Kelle <jkelle@cs.utexas.edu>
Date:   Wed Feb 12 21:57:56 2014 -0600

    Acceptance Tests. Over 1000 lines.

commit 32636718c3de3c67e59586e2165e8e3ef2e80982
Author: Josh Kelle <jkelle@cs.utexas.edu>
Date:   Wed Feb 12 21:48:19 2014 -0600

    Altered unittests to work with our new prediction algorithms.

commit ca322f64abc90c32e590f805c8a9b62c6370955f
Author: Josh Kelle <jkelle@cs.utexas.edu>
Date:   Wed Feb 12 21:17:32 2014 -0600

    Accomodated changes in cache file.

commit b47aaadb435d855e9e2fe9b9a23f16c86cc9e9b6
Author: ipratikpatel <ipratikpatel@gmail.com>
Date:   Sun Feb 9 19:13:09 2014 -0600

    RMSE is 0.97 now

commit 15c514c8b7dc0fa978aec624b587dd3812a1ec69
Author: ipratikpatel <ipratikpatel@gmail.com>
Date:   Sun Feb 9 17:06:15 2014 -0600

    Added some test cases

commit 8212741990e650750708c8316dc76d4eed145ce2
Author: ipratikpatel <ipratikpatel@gmail.com>
Date:   Sun Feb 9 16:08:45 2014 -0600

    calculates RMSE

commit dda360b45bb04642e89ec65ab20d3f1f4ccdbbc4
Author: ipratikpatel <ipratikpatel@gmail.com>
Date:   Sun Feb 9 15:04:05 2014 -0600

    Got the Dummy solution working

commit b5d6494d6c30a39a2afcc0017681de033dad7071
Author: ipratikpatel <ipratikpatel@gmail.com>
Date:   Sun Feb 9 14:55:18 2014 -0600

    Successfully reading the input file

commit b5412df7821edf2bf56b30dca99da7cc7ed2d01e
Author: ipratikpatel <ipratikpatel@gmail.com>
Date:   Sun Feb 9 14:16:15 2014 -0600

    Created all of the files

commit e562dc99c815146a41b21ff6ad9744642eb0bff1
Author: ipratikpatel <pratik.patelak47@gmail.com>
Date:   Sun Feb 9 12:11:02 2014 -0800

    Initial commit
