1:
3.6586
3.3400
3.7594
4.2488
3.8748
3.6831
3.0176
3.7046
3.8391
3.6006
3.4637
3.6514
3.7198
3.8895
3.2498
4.1548
3.6634
4.2081
3.8948
3.8510
3.2822
4.3748
3.5088
10002:
4.2203
3.9703
4.2203
4.2203
10003:
2.9943
10004:
4.4378
4.1045
3.9476
4.1045
4.1247
4.0249
4.0806
4.1045
3.9586
4.1045
4.0664
10005:
3.4681
3.8301
3.3392
3.3942
3.2550
10006:
3.8104
3.7920
3.9104
3.5519
10007:
2.8614
3.3110
2.9655
2.8895
2.5193
3.0961
2.9836
3.0875
3.0438
3.1026
3.0237
3.1707
2.8818
10008:
4.0333
3.7833
3.6583
3.0500
4.0833
3.7833
3.5333
10009:
3.3346
3.4031
4.1028
3.1320
3.0917
10010:
2.9857
2.8384
2.8207
3.2933
3.2023
2.9415
2.8245
2.8814
2.6692
3.0442
2.7310
2.7587
2.8529
2.6340
3.1695
2.8529
2.6058
3.0395
2.6034
2.8752
2.5856
2.7380
2.6927
10011:
4.0350
3.6922
10012:
3.2851
3.9676
3.3990
3.5779
3.7298
3.6657
3.0628
3.5785
3.5006
3.4213
3.8997
3.4852
3.3601
10013:
3.5537
3.3698
3.6981
3.7684
3.4882
3.5535
3.4060
3.1399
3.3700
3.6431
3.1916
3.6499
3.3458
3.6637
3.5341
3.4392
3.2201
3.2904
3.5188
3.4070
3.3529
2.8065
3.4218
3.6399
3.9542
3.4130
3.5073
3.1179
3.3237
3.4299
3.5010
3.1468
3.3790
3.7224
3.3291
3.1604
3.6906
4.0274
3.7628
3.3065
3.5899
3.4340
3.5516
3.3843
3.3016
3.1478
3.3899
3.4112
3.2002
3.7005
3.2281
3.4562
3.5055
3.7232
3.3418
3.0639
3.8629
10014:
3.1584
3.8459
3.2626
3.6959
2.9531
10015:
3.7136
3.5109
3.1580
3.4647
3.7284
3.8080
4.4080
3.7830
3.8117
3.4989
3.8098
3.6431
3.5509
4.4080
3.8080
3.6080
3.9080
3.8102
3.7232
3.9735
4.3908
3.9680
4.2049
4.4080
3.4989
3.2413
3.9080
3.5858
10016:
3.1746
2.8626
2.8369
3.1659
3.5906
10017:
3.2321
3.1577
3.2411
10018:
4.0770
4.0770
3.8270
3.5770
3.9699
3.5770
3.6620
3.5145
3.3270
4.0770
4.0770
3.8270
3.5270
3.9937
3.6832
12233:
3.8756
3.9692
3.9577
3.4811
3.9538
3.3386
3.8275
3.4258
3.7555
4.0303
4.3166
12234:
3.4163
3.4996
2.2496
3.4996
3.4996
3.7496
4.2079
3.7496
3.5958
3.6566
3.1068
3.4496
3.0829
2.9996
3.8834
3.2496
3.4996
3.5309
3.1663
3.7496
3.7496
3.2496
3.7496
3.7496
3.6919
12235:
3.4159
4.4159
3.8390
3.7854
3.5977
3.9159
4.4159
3.9159
4.0409
3.1659
3.6659
3.9819
4.4159
3.4159
12236:
3.2796
3.2805
3.7413
3.6465
3.1819
2.9607
3.5052
3.3484
3.3938
3.7595
3.2365
3.4611
3.5722
3.5330
3.2022
3.3505
12237:
4.0568
3.6718
4.0318
3.4318
4.2652
4.4318
3.9232
3.3969
4.4318
4.0280
3.9318
3.8068
4.0472
4.4318
3.6506
2.4318
3.4318
3.9318
4.4318
4.2652
3.4318
3.9556
3.4318
2.4318
3.4318
4.2318
3.9970
3.6818
4.1818
2.9318
3.6818
4.4318
3.9943
4.0227
3.3142
3.8318
3.2318
3.8485
4.0985
4.0985
3.9831
3.9318
4.0682
4.0985
3.6818
3.4318
3.8231
4.2796
4.0087
3.6818
4.2010
4.0682
4.0318
3.5152
2.4318
3.9318
3.8485
3.5227
3.5652
4.4318
3.4318
3.9318
4.0770
3.5318
4.3934
4.0032
3.7395
4.4318
3.4318
3.4318
3.8142
3.9571
3.9318
3.7259
3.5172
3.7652
4.1818
12238:
2.6024
3.5854
3.1373
3.1840
3.5951
3.4662
3.5114
3.3500
3.9182
3.3669
3.2129
3.8048
3.5509
3.1911
3.5691
3.2456
3.2162
3.4247
3.3747
3.0691
3.1941
3.3277
3.3681
3.5104
3.3581
3.2171
3.4007
3.2358
3.5954
3.8967
3.5582
3.2879
3.5177
3.3262
3.0136
3.4147
3.2533
3.3109
3.0103
3.5344
4.0114
3.4312
3.2310
3.1156
3.3316
3.4327
3.3691
3.4057
3.4782
3.1999
3.5918
3.2818
3.5160
3.1546
3.2566
3.4272
3.5091
3.7080
3.2233
4.0691
3.3024
3.7477
3.6717
3.8087
3.9104
3.2842
3.3458
3.2153
3.5274
3.1860
3.3076
3.1617
3.3323
2.7358
3.4024
3.5237
3.5637
3.4890
3.4548
3.2941
3.1167
3.5395
3.6324
3.3856
3.6460
3.1749
3.5237
3.2055
3.2913
3.6428
2.9620
3.5007
2.9358
3.5630
3.5431
3.2774
3.4007
3.3323
3.2886
3.3358
3.4858
3.2153
3.1170
3.1268
3.4548
2.9977
3.3616
3.6363
3.5969
3.1987
3.2080
3.8873
3.4250
3.3352
3.6789
3.4516
3.3235
3.1191
3.6447
3.4977
3.3548
3.5691
3.8191
3.4004
3.1524
2.9262
3.3962
3.5312
3.4922
3.3300
3.5441
3.2206
3.3191
3.6573
3.5438
3.2129
3.7282
3.5270
3.4387
3.0802
3.4865
3.2120
3.0130
3.1825
3.1781
3.4024
3.4086
3.4163
3.5212
3.4169
3.4583
3.3221
3.3112
3.5727
3.1575
3.7358
3.8158
3.5306
12239:
3.3824
3.4244
3.4578
3.6897
3.6900
3.6472
3.7117
2.9235
3.4319
3.4617
3.4326
3.5431
3.5484
3.4117
3.6733
3.5042
3.4856
3.9425
3.5951
3.5303
3.7117
1224:
3.9625
3.9625
4.2959
4.4625
4.4625
4.4625
3.4625
3.7125
4.2125
4.4625
3.9625
3.4625
4.4625
4.4625
3.4625
3.9811
4.0042
3.4625
3.9625
3.9625
3.4625
3.4625
3.3375
3.9625
4.2403
4.4625
4.4625
3.9625
4.4070
4.4625
3.9625
4.2125
3.9625
2.4625
4.4625
3.9625
4.0625
4.1054
4.1292
4.1768
2.4625
4.0989
3.9625
3.8087
3.7125
4.4625
3.9625
3.9625
4.4625
3.9625
2.9625
3.7125
4.4625
3.6994
4.0459
3.6054
3.6549
3.9625
3.6625
4.0816
3.7125
3.7125
3.9625
4.0625
4.1625
3.9625
3.8375
4.4625
4.4625
3.2959
3.8625
4.3375
4.4625
4.4625
3.8911
4.2245
3.9625
4.2125
3.9625
4.2625
3.8911
4.2403
3.7125
4.4625
3.9625
3.9625
4.2125
4.4625
4.1444
3.8625
3.9331
3.8743
4.3375
3.7959
3.6292
4.2125
3.8375
3.6164
4.1933
4.1292
3.4625
4.1768
3.8959
4.1768
4.0625
4.2750
4.4519
3.4625
3.9625
4.4625
4.4625
4.4625
3.5802
4.2125
3.5625
3.9625
4.4625
4.0875
3.9625
3.7273
3.7403
3.8911
3.9625
4.1813
3.8664
4.4625
4.2125
3.2959
4.4625
4.2125
4.3435
2.9625
3.4625
4.1292
3.4625
3.5625
3.4625
3.4625
3.4625
3.9625
4.4625
4.0908
3.7483
3.7861
4.3197
3.7125
3.4625
3.7625
4.0340
4.1898
4.1425
3.8911
4.3063
3.9625
3.7750
3.9625
4.2125
12240:
3.6009
3.4856
3.5739
3.4127
3.2487
3.0863
3.5150
3.5688
3.3649
3.3852
3.3363
3.4648
3.5959
3.3209
3.4709
4.0846
3.4352
3.5703
3.5814
3.7209
3.7532
3.4937
3.4889
3.5803
3.8334
3.5563
3.4674
3.6876
3.5543
3.4562
3.7017
3.3664
3.4511
3.6687
3.5160
3.4588
3.4103
3.8609
3.4709
3.3084
3.3563
3.3543
3.6054
3.1982
3.3661
3.8043
12241:
3.0772
12242:
3.9218
4.3276
3.8468
3.8325
3.9268
12243:
2.9531
3.3516
3.5596
3.1577
3.4994
3.3317
3.6435
3.0664
3.3512
3.2240
3.2439
3.6627
3.3906
3.3549
3.5448
3.5781
3.5073
3.6935
3.3281
3.3943
12244:
3.6436
2.9013
3.5543
3.1418
3.2877
3.3993
3.0543
3.3492
2.6067
3.6357
3.3873
3.3246
3.2568
2.9197
3.4568
3.7362
3.2329
2.9601
3.4829
3.6365
3.4128
3.3939
3.2500
3.0772
3.4820
3.4634
3.4129
3.1102
3.3573
3.3517
3.2019
3.7543
3.1313
3.3833
3.1669
3.5856
3.5089
3.2326
3.3574
3.3271
3.5147
3.2665
3.1916
2.9282
3.3885
3.3509
3.2007
3.0990
2.8825
3.0852
3.3981
2.5928
3.4180
3.4407
3.3936
3.2540
3.1120
3.3381
3.1188
3.6615
3.5766
3.7210
3.5936
3.2659
3.0152
3.2846
3.0838
3.6097
3.4057
3.4401
3.5543
3.1827
3.4710
3.3426
3.3666
3.3743
3.2418
3.3263
2.9918
2.8330
3.1485
3.1333
3.2717
3.1453
3.3877
3.6168
3.2106
3.0231
3.2720
3.4710
3.4353
2.9918
3.3271
3.5543
3.1361
3.0866
3.2835
3.4655
3.1204
3.3936
3.4363
3.3491
3.3043
3.2994
3.6089
3.3138
3.2960
3.6584
3.3178
3.3390
3.4666
3.1543
3.6379
3.1258
3.3612
3.1352
3.2290
2.9876
3.1543
3.2043
3.3668
3.0738
3.6052
3.1720
3.4710
3.5083
3.3599
3.3043
2.9418
3.1163
3.2945
3.4277
3.0901
3.2785
3.2997
3.4032
3.1406
3.1377
3.3620
3.0543
3.1313
3.3506
3.1163
3.4814
3.3992
3.3701
3.2243
3.1661
3.1086
3.5838
3.2543
3.5274
3.0453
3.8863
3.3271
3.0240
3.3668
3.7210
3.4463
3.7378
3.2005
3.1848
2.9710
3.3236
3.3316
3.0387
3.0543
3.1691
3.2543
3.2766
3.1522
3.4754
3.0543
3.3438
3.4483
3.3877
3.2495
3.3788
3.4651
3.5543
3.3884
3.1877
3.3896
3.4829
3.0835
3.3859
3.0543
3.4079
3.3668
3.3543
3.2248
3.8564
3.4881
3.1189
3.2627
3.3352
3.2877
3.2440
3.4955
3.4260
3.2543
3.7743
3.5290
3.2686
3.4382
3.4841
3.5067
3.2362
3.2790
3.6489
3.3554
3.1725
3.2388
3.6105
3.1655
3.3412
3.6099
3.2274
3.0543
3.0890
3.1628
3.1554
3.0734
2.8409
3.1342
3.6252
3.0231
3.0543
3.5258
3.5543
3.3401
3.5078
3.3652
3.2780
3.1277
3.0660
3.5543
3.4502
3.2938
3.2278
3.0761
3.1543
3.0196
3.8285
3.2705
3.0170
3.2408
3.4003
3.2611
3.5543
3.3043
3.5214
3.7912
3.2362
3.3898
3.1784
3.3668
3.4710
3.6393
3.4155
3.3043
3.4052
3.5326
3.3865
3.3683
3.3534
3.4857
3.4334
3.2955
3.2757
2.8006
3.5375
3.1686
3.2293
3.6481
3.3271
3.4192
2.8422
3.0736
3.2627
3.2957
2.9155
3.4483
3.1972
2.6543
3.3496
3.6575
3.6081
3.3933
3.7274
3.4146
2.9543
3.3075
3.4818
2.7059
3.0293
3.2098
3.3390
3.5078
3.1377
3.0543
3.4313
3.5043
3.1258
3.4472
3.0838
3.5543
3.0960
3.1636
3.7050
3.3557
3.4268
3.2543
2.8043
3.2487
3.3362
3.2602
3.2132
2.8996
3.4588
3.3130
3.1801
3.1035
2.9803
3.1743
3.3043
2.7627
3.4918
3.4622
3.4836
3.5193
3.6168
3.4553
3.4028
3.5543
3.0543
3.4476
2.9630
3.6238
3.9180
3.3463
3.3485
3.1377
3.2500
3.4579
3.6907
3.4404
3.5347
3.3258
3.2082
3.3733
3.3043
3.5821
3.4250
3.2816
3.3321
3.2218
3.5677
3.3057
3.4207
3.2161
3.9293
3.3226
3.1932
3.1339
3.2592
3.6258
3.2508
3.2699
3.5888
3.5026
3.1306
3.0918
3.2939
3.1020
3.2940
3.3668
3.4293
3.4674
3.4738
3.1937
3.5543
12245:
2.9302
2.6005
2.5462
2.5722
2.6798
2.4727
2.3085
2.7457
2.5749
2.4629
2.6765
2.4064
12246:
4.0188
4.1160
3.8938
3.9216
3.9938
3.3938
3.3938
2.8938
3.3938
4.1438
3.7938
4.2885
3.2938
4.2015
3.9666
3.3938
4.1160
3.9057
3.9938
4.1795
4.1438
3.8029
4.3223
4.3938
3.8938
3.7688
3.3938
4.0114
3.8938
3.6438
4.1938
4.3938
3.9563
2.3938
3.8055
3.8553
4.1438
4.1530
3.8938
4.3262
3.9990
3.9526
3.5604
3.9438
4.1938
3.4201
RMSE: 0.9214
